# JRE version: OpenJDK Runtime Environment (7.0_121) (build 1.7.0_121-b00)
# Java VM: OpenJDK 64-Bit Server VM (24.121-b00 mixed mode linux-amd64 compressed oops)
Heap
 PSYoungGen      total 65024K, used 7652K [0x00000000ec500000, 0x00000000f0c00000, 0x0000000100000000)
  eden space 57344K, 0% used [0x00000000ec500000,0x00000000ec500000,0x00000000efd00000)
  from space 7680K, 99% used [0x00000000efd00000,0x00000000f0479278,0x00000000f0480000)
  to   space 5120K, 0% used [0x00000000f0700000,0x00000000f0700000,0x00000000f0c00000)
 ParOldGen       total 39936K, used 20606K [0x00000000c5000000, 0x00000000c7700000, 0x00000000ec500000)
  object space 39936K, 51% used [0x00000000c5000000,0x00000000c641fae0,0x00000000c7700000)
 PSPermGen       total 21504K, used 17445K [0x00000000baa00000, 0x00000000bbf00000, 0x00000000c5000000)
  object space 21504K, 81% used [0x00000000baa00000,0x00000000bbb096a8,0x00000000bbf00000)
GC Heap History (10 events):
Event: 8.429 GC heap after
Heap after GC invocations=2 (full 0):
 PSYoungGen      total 33280K, used 2532K [0x00000000ec500000, 0x00000000ee800000, 0x0000000100000000)
  eden space 30720K, 0% used [0x00000000ec500000,0x00000000ec500000,0x00000000ee300000)
  from space 2560K, 98% used [0x00000000ee580000,0x00000000ee7f90e0,0x00000000ee800000)
  to   space 2560K, 0% used [0x00000000ee300000,0x00000000ee300000,0x00000000ee580000)
 ParOldGen       total 39936K, used 1605K [0x00000000c5000000, 0x00000000c7700000, 0x00000000ec500000)
  object space 39936K, 4% used [0x00000000c5000000,0x00000000c5191718,0x00000000c7700000)
 PSPermGen       total 21504K, used 9064K [0x00000000baa00000, 0x00000000bbf00000, 0x00000000c5000000)
  object space 21504K, 42% used [0x00000000baa00000,0x00000000bb2da1e0,0x00000000bbf00000)
}
Event: 11.068 GC heap before
{Heap before GC invocations=3 (full 0):
 PSYoungGen      total 33280K, used 33252K [0x00000000ec500000, 0x00000000ee800000, 0x0000000100000000)
  eden space 30720K, 100% used [0x00000000ec500000,0x00000000ee300000,0x00000000ee300000)
  from space 2560K, 98% used [0x00000000ee580000,0x00000000ee7f90e0,0x00000000ee800000)
  to   space 2560K, 0% used [0x00000000ee300000,0x00000000ee300000,0x00000000ee580000)
 ParOldGen       total 39936K, used 1605K [0x00000000c5000000, 0x00000000c7700000, 0x00000000ec500000)
  object space 39936K, 4% used [0x00000000c5000000,0x00000000c5191718,0x00000000c7700000)
 PSPermGen       total 21504K, used 9836K [0x00000000baa00000, 0x00000000bbf00000, 0x00000000c5000000)
  object space 21504K, 45% used [0x00000000baa00000,0x00000000bb39b228,0x00000000bbf00000)
Event: 11.129 GC heap after
Heap after GC invocations=3 (full 0):
 PSYoungGen      total 33280K, used 2532K [0x00000000ec500000, 0x00000000f0600000, 0x0000000100000000)
  eden space 30720K, 0% used [0x00000000ec500000,0x00000000ec500000,0x00000000ee300000)
  from space 2560K, 98% used [0x00000000ee300000,0x00000000ee5790e0,0x00000000ee580000)
  to   space 2560K, 0% used [0x00000000f0380000,0x00000000f0380000,0x00000000f0600000)
 ParOldGen       total 39936K, used 2952K [0x00000000c5000000, 0x00000000c7700000, 0x00000000ec500000)
  object space 39936K, 7% used [0x00000000c5000000,0x00000000c52e2320,0x00000000c7700000)
 PSPermGen       total 21504K, used 9836K [0x00000000baa00000, 0x00000000bbf00000, 0x00000000c5000000)
  object space 21504K, 45% used [0x00000000baa00000,0x00000000bb39b228,0x00000000bbf00000)
}
Event: 100.193 GC heap before
{Heap before GC invocations=4 (full 0):
 PSYoungGen      total 33280K, used 33252K [0x00000000ec500000, 0x00000000f0600000, 0x0000000100000000)
  eden space 30720K, 100% used [0x00000000ec500000,0x00000000ee300000,0x00000000ee300000)
  from space 2560K, 98% used [0x00000000ee300000,0x00000000ee5790e0,0x00000000ee580000)
  to   space 2560K, 0% used [0x00000000f0380000,0x00000000f0380000,0x00000000f0600000)
 ParOldGen       total 39936K, used 2952K [0x00000000c5000000, 0x00000000c7700000, 0x00000000ec500000)
  object space 39936K, 7% used [0x00000000c5000000,0x00000000c52e2320,0x00000000c7700000)
 PSPermGen       total 21504K, used 12314K [0x00000000baa00000, 0x00000000bbf00000, 0x00000000c5000000)
  object space 21504K, 57% used [0x00000000baa00000,0x00000000bb6069a8,0x00000000bbf00000)
Event: 100.230 GC heap after
Heap after GC invocations=4 (full 0):
 PSYoungGen      total 64000K, used 2544K [0x00000000ec500000, 0x00000000f0600000, 0x0000000100000000)
  eden space 61440K, 0% used [0x00000000ec500000,0x00000000ec500000,0x00000000f0100000)
  from space 2560K, 99% used [0x00000000f0380000,0x00000000f05fc010,0x00000000f0600000)
  to   space 2560K, 0% used [0x00000000f0100000,0x00000000f0100000,0x00000000f0380000)
 ParOldGen       total 39936K, used 6381K [0x00000000c5000000, 0x00000000c7700000, 0x00000000ec500000)
  object space 39936K, 15% used [0x00000000c5000000,0x00000000c563b408,0x00000000c7700000)
 PSPermGen       total 21504K, used 12314K [0x00000000baa00000, 0x00000000bbf00000, 0x00000000c5000000)
  object space 21504K, 57% used [0x00000000baa00000,0x00000000bb6069a8,0x00000000bbf00000)
}
Event: 138.379 GC heap before
{Heap before GC invocations=5 (full 0):
 PSYoungGen      total 64000K, used 63984K [0x00000000ec500000, 0x00000000f0600000, 0x0000000100000000)
  eden space 61440K, 100% used [0x00000000ec500000,0x00000000f0100000,0x00000000f0100000)
  from space 2560K, 99% used [0x00000000f0380000,0x00000000f05fc010,0x00000000f0600000)
  to   space 2560K, 0% used [0x00000000f0100000,0x00000000f0100000,0x00000000f0380000)
 ParOldGen       total 39936K, used 6381K [0x00000000c5000000, 0x00000000c7700000, 0x00000000ec500000)
  object space 39936K, 15% used [0x00000000c5000000,0x00000000c563b408,0x00000000c7700000)
 PSPermGen       total 21504K, used 16782K [0x00000000baa00000, 0x00000000bbf00000, 0x00000000c5000000)
  object space 21504K, 78% used [0x00000000baa00000,0x00000000bba63a40,0x00000000bbf00000)
Event: 138.410 GC heap after
Heap after GC invocations=5 (full 0):
 PSYoungGen      total 61952K, used 2560K [0x00000000ec500000, 0x00000000f0f00000, 0x0000000100000000)
  eden space 59392K, 0% used [0x00000000ec500000,0x00000000ec500000,0x00000000eff00000)
  from space 2560K, 100% used [0x00000000f0100000,0x00000000f0380000,0x00000000f0380000)
  to   space 8192K, 0% used [0x00000000f0700000,0x00000000f0700000,0x00000000f0f00000)
 ParOldGen       total 39936K, used 10720K [0x00000000c5000000, 0x00000000c7700000, 0x00000000ec500000)
  object space 39936K, 26% used [0x00000000c5000000,0x00000000c5a782e0,0x00000000c7700000)
 PSPermGen       total 21504K, used 16782K [0x00000000baa00000, 0x00000000bbf00000, 0x00000000c5000000)
  object space 21504K, 78% used [0x00000000baa00000,0x00000000bba63a40,0x00000000bbf00000)
}
Event: 143.412 GC heap before
{Heap before GC invocations=6 (full 0):
 PSYoungGen      total 61952K, used 61952K [0x00000000ec500000, 0x00000000f0f00000, 0x0000000100000000)
  eden space 59392K, 100% used [0x00000000ec500000,0x00000000eff00000,0x00000000eff00000)
  from space 2560K, 100% used [0x00000000f0100000,0x00000000f0380000,0x00000000f0380000)
  to   space 8192K, 0% used [0x00000000f0700000,0x00000000f0700000,0x00000000f0f00000)
 ParOldGen       total 39936K, used 10720K [0x00000000c5000000, 0x00000000c7700000, 0x00000000ec500000)
  object space 39936K, 26% used [0x00000000c5000000,0x00000000c5a782e0,0x00000000c7700000)
 PSPermGen       total 21504K, used 17441K [0x00000000baa00000, 0x00000000bbf00000, 0x00000000c5000000)
  object space 21504K, 81% used [0x00000000baa00000,0x00000000bbb08498,0x00000000bbf00000)
Event: 143.439 GC heap after
Heap after GC invocations=6 (full 0):
 PSYoungGen      total 62464K, used 4954K [0x00000000ec500000, 0x00000000f0c00000, 0x0000000100000000)
  eden space 57344K, 0% used [0x00000000ec500000,0x00000000ec500000,0x00000000efd00000)
  from space 5120K, 96% used [0x00000000f0700000,0x00000000f0bd6838,0x00000000f0c00000)
  to   space 7680K, 0% used [0x00000000efd00000,0x00000000efd00000,0x00000000f0480000)
 ParOldGen       total 39936K, used 10728K [0x00000000c5000000, 0x00000000c7700000, 0x00000000ec500000)
  object space 39936K, 26% used [0x00000000c5000000,0x00000000c5a7a2e0,0x00000000c7700000)
 PSPermGen       total 21504K, used 17441K [0x00000000baa00000, 0x00000000bbf00000, 0x00000000c5000000)
  object space 21504K, 81% used [0x00000000baa00000,0x00000000bbb08498,0x00000000bbf00000)
}
Event: 145.939 GC heap before
{Heap before GC invocations=7 (full 0):
 PSYoungGen      total 62464K, used 62298K [0x00000000ec500000, 0x00000000f0c00000, 0x0000000100000000)
  eden space 57344K, 100% used [0x00000000ec500000,0x00000000efd00000,0x00000000efd00000)
  from space 5120K, 96% used [0x00000000f0700000,0x00000000f0bd6838,0x00000000f0c00000)
  to   space 7680K, 0% used [0x00000000efd00000,0x00000000efd00000,0x00000000f0480000)
 ParOldGen       total 39936K, used 10728K [0x00000000c5000000, 0x00000000c7700000, 0x00000000ec500000)
  object space 39936K, 26% used [0x00000000c5000000,0x00000000c5a7a2e0,0x00000000c7700000)
 PSPermGen       total 21504K, used 17445K [0x00000000baa00000, 0x00000000bbf00000, 0x00000000c5000000)
  object space 21504K, 81% used [0x00000000baa00000,0x00000000bbb096a8,0x00000000bbf00000)

