# JRE version: OpenJDK Runtime Environment (7.0_65-b32) (build 1.7.0_65-b32)
# Java VM: OpenJDK Server VM (24.65-b04 mixed mode linux-x86 )
Heap
 PSYoungGen      total 125440K, used 6646K [0xa0340000, 0xa8440000, 0xb3340000)
  eden space 118784K, 0% used [0xa0340000,0xa0340000,0xa7740000)
  from space 6656K, 99% used [0xa7740000,0xa7dbda60,0xa7dc0000)
  to   space 6656K, 0% used [0xa7dc0000,0xa7dc0000,0xa8440000)
 ParOldGen       total 38912K, used 21837K [0x7a340000, 0x7c940000, 0xa0340000)
  object space 38912K, 56% used [0x7a340000,0x7b893700,0x7c940000)
 PSPermGen       total 16384K, used 14170K [0x72340000, 0x73340000, 0x7a340000)
  object space 16384K, 86% used [0x72340000,0x73116890,0x73340000)
GC Heap History (10 events):
Event: 9.069 GC heap after
Heap after GC invocations=4 (full 0):
 PSYoungGen      total 32000K, used 2296K [0xa0340000, 0xa24c0000, 0xb3340000)
  eden space 29696K, 0% used [0xa0340000,0xa0340000,0xa2040000)
  from space 2304K, 99% used [0xa2280000,0xa24be070,0xa24c0000)
  to   space 2304K, 0% used [0xa2040000,0xa2040000,0xa2280000)
 ParOldGen       total 38912K, used 2931K [0x7a340000, 0x7c940000, 0xa0340000)
  object space 38912K, 7% used [0x7a340000,0x7a61cf18,0x7c940000)
 PSPermGen       total 16384K, used 7433K [0x72340000, 0x73340000, 0x7a340000)
  object space 16384K, 45% used [0x72340000,0x72a82510,0x73340000)
}
Event: 14.105 GC heap before
{Heap before GC invocations=5 (full 0):
 PSYoungGen      total 32000K, used 31992K [0xa0340000, 0xa24c0000, 0xb3340000)
  eden space 29696K, 100% used [0xa0340000,0xa2040000,0xa2040000)
  from space 2304K, 99% used [0xa2280000,0xa24be070,0xa24c0000)
  to   space 2304K, 0% used [0xa2040000,0xa2040000,0xa2280000)
 ParOldGen       total 38912K, used 2931K [0x7a340000, 0x7c940000, 0xa0340000)
  object space 38912K, 7% used [0x7a340000,0x7a61cf18,0x7c940000)
 PSPermGen       total 16384K, used 8898K [0x72340000, 0x73340000, 0x7a340000)
  object space 16384K, 54% used [0x72340000,0x72bf0a40,0x73340000)
Event: 14.178 GC heap after
Heap after GC invocations=5 (full 0):
 PSYoungGen      total 32000K, used 2296K [0xa0340000, 0xa4a40000, 0xb3340000)
  eden space 29696K, 0% used [0xa0340000,0xa0340000,0xa2040000)
  from space 2304K, 99% used [0xa2040000,0xa227e0b0,0xa2280000)
  to   space 6656K, 0% used [0xa43c0000,0xa43c0000,0xa4a40000)
 ParOldGen       total 38912K, used 7269K [0x7a340000, 0x7c940000, 0xa0340000)
  object space 38912K, 18% used [0x7a340000,0x7aa59770,0x7c940000)
 PSPermGen       total 16384K, used 8898K [0x72340000, 0x73340000, 0x7a340000)
  object space 16384K, 54% used [0x72340000,0x72bf0a40,0x73340000)
}
Event: 16.218 GC heap before
{Heap before GC invocations=6 (full 0):
 PSYoungGen      total 32000K, used 31992K [0xa0340000, 0xa4a40000, 0xb3340000)
  eden space 29696K, 100% used [0xa0340000,0xa2040000,0xa2040000)
  from space 2304K, 99% used [0xa2040000,0xa227e0b0,0xa2280000)
  to   space 6656K, 0% used [0xa43c0000,0xa43c0000,0xa4a40000)
 ParOldGen       total 38912K, used 7269K [0x7a340000, 0x7c940000, 0xa0340000)
  object space 38912K, 18% used [0x7a340000,0x7aa59770,0x7c940000)
 PSPermGen       total 16384K, used 11032K [0x72340000, 0x73340000, 0x7a340000)
  object space 16384K, 67% used [0x72340000,0x72e06020,0x73340000)
Event: 16.293 GC heap after
Heap after GC invocations=6 (full 0):
 PSYoungGen      total 66048K, used 4498K [0xa0340000, 0xa4a40000, 0xb3340000)
  eden space 59392K, 0% used [0xa0340000,0xa0340000,0xa3d40000)
  from space 6656K, 67% used [0xa43c0000,0xa4824be8,0xa4a40000)
  to   space 6656K, 0% used [0xa3d40000,0xa3d40000,0xa43c0000)
 ParOldGen       total 38912K, used 7269K [0x7a340000, 0x7c940000, 0xa0340000)
  object space 38912K, 18% used [0x7a340000,0x7aa59770,0x7c940000)
 PSPermGen       total 16384K, used 11032K [0x72340000, 0x73340000, 0x7a340000)
  object space 16384K, 67% used [0x72340000,0x72e06020,0x73340000)
}
Event: 50.349 GC heap before
{Heap before GC invocations=7 (full 0):
 PSYoungGen      total 66048K, used 63890K [0xa0340000, 0xa4a40000, 0xb3340000)
  eden space 59392K, 100% used [0xa0340000,0xa3d40000,0xa3d40000)
  from space 6656K, 67% used [0xa43c0000,0xa4824be8,0xa4a40000)
  to   space 6656K, 0% used [0xa3d40000,0xa3d40000,0xa43c0000)
 ParOldGen       total 38912K, used 7269K [0x7a340000, 0x7c940000, 0xa0340000)
  object space 38912K, 18% used [0x7a340000,0x7aa59770,0x7c940000)
 PSPermGen       total 16384K, used 12826K [0x72340000, 0x73340000, 0x7a340000)
  object space 16384K, 78% used [0x72340000,0x72fc68a0,0x73340000)
Event: 50.440 GC heap after
Heap after GC invocations=7 (full 0):
 PSYoungGen      total 66048K, used 4816K [0xa0340000, 0xa8440000, 0xb3340000)
  eden space 59392K, 0% used [0xa0340000,0xa0340000,0xa3d40000)
  from space 6656K, 72% used [0xa3d40000,0xa41f43e0,0xa43c0000)
  to   space 6656K, 0% used [0xa7dc0000,0xa7dc0000,0xa8440000)
 ParOldGen       total 38912K, used 8629K [0x7a340000, 0x7c940000, 0xa0340000)
  object space 38912K, 22% used [0x7a340000,0x7abad730,0x7c940000)
 PSPermGen       total 16384K, used 12826K [0x72340000, 0x73340000, 0x7a340000)
  object space 16384K, 78% used [0x72340000,0x72fc68a0,0x73340000)
}
Event: 56.284 GC heap before
{Heap before GC invocations=8 (full 0):
 PSYoungGen      total 66048K, used 63714K [0xa0340000, 0xa8440000, 0xb3340000)
  eden space 59392K, 99% used [0xa0340000,0xa3cc47c8,0xa3d40000)
  from space 6656K, 72% used [0xa3d40000,0xa41f43e0,0xa43c0000)
  to   space 6656K, 0% used [0xa7dc0000,0xa7dc0000,0xa8440000)
 ParOldGen       total 38912K, used 8629K [0x7a340000, 0x7c940000, 0xa0340000)
  object space 38912K, 22% used [0x7a340000,0x7abad730,0x7c940000)
 PSPermGen       total 16384K, used 13225K [0x72340000, 0x73340000, 0x7a340000)
  object space 16384K, 80% used [0x72340000,0x7302a710,0x73340000)
Event: 56.391 GC heap after
Heap after GC invocations=8 (full 0):
 PSYoungGen      total 125440K, used 4851K [0xa0340000, 0xa8440000, 0xb3340000)
  eden space 118784K, 0% used [0xa0340000,0xa0340000,0xa7740000)
  from space 6656K, 72% used [0xa7dc0000,0xa827cdf8,0xa8440000)
  to   space 6656K, 0% used [0xa7740000,0xa7740000,0xa7dc0000)
 ParOldGen       total 38912K, used 12891K [0x7a340000, 0x7c940000, 0xa0340000)
  object space 38912K, 33% used [0x7a340000,0x7afd6f38,0x7c940000)
 PSPermGen       total 16384K, used 13225K [0x72340000, 0x73340000, 0x7a340000)
  object space 16384K, 80% used [0x72340000,0x7302a710,0x73340000)
}
Event: 144.366 GC heap before
{Heap before GC invocations=9 (full 0):
 PSYoungGen      total 125440K, used 123635K [0xa0340000, 0xa8440000, 0xb3340000)
  eden space 118784K, 100% used [0xa0340000,0xa7740000,0xa7740000)
  from space 6656K, 72% used [0xa7dc0000,0xa827cdf8,0xa8440000)
  to   space 6656K, 0% used [0xa7740000,0xa7740000,0xa7dc0000)
 ParOldGen       total 38912K, used 12891K [0x7a340000, 0x7c940000, 0xa0340000)
  object space 38912K, 33% used [0x7a340000,0x7afd6f38,0x7c940000)
 PSPermGen       total 16384K, used 14170K [0x72340000, 0x73340000, 0x7a340000)
  object space 16384K, 86% used [0x72340000,0x73116890,0x73340000)

